<?xml version="1.0" encoding="UTF-8"?>
<!-- Generated by org.testng.reporters.JUnitReportReporter -->
<testsuite hostname="HHAWI0100" name="newproject.TestChromeBrowser" tests="1" failures="0" timestamp="28 Apr 2017 17:50:14 GMT" time="3.332" errors="0">
  <testcase name="testGooglePageTitleInIEBrowser" time="3.332" classname="newproject.TestChromeBrowser"/>
</testsuite> <!-- newproject.TestChromeBrowser -->
